<?xml version="1.0" encoding="UTF-8"?>
<testng-results ignored="0" total="1" passed="1" failed="0" skipped="0">
  <reporter-output>
    <line>
      <![CDATA[Running Tc]]>
    </line>
  </reporter-output>
  <suite started-at="2022-11-12T15:40:23 IST" name="Suite" finished-at="2022-11-12T15:41:10 IST" duration-ms="47039">
    <groups>
    </groups>
    <test started-at="2022-11-12T15:40:23 IST" name="Test" finished-at="2022-11-12T15:41:10 IST" duration-ms="47039">
      <class name="POMWithTestNG.TestClass">
        <test-method is-config="true" signature="openBrowser()[pri:0, instance:POMWithTestNG.TestClass@6404f418]" started-at="2022-11-12T15:40:23 IST" name="openBrowser" finished-at="2022-11-12T15:40:57 IST" duration-ms="34019" status="PASS">
          <reporter-output>
          </reporter-output>
        </test-method> <!-- openBrowser -->
        <test-method is-config="true" signature="openApplication()[pri:0, instance:POMWithTestNG.TestClass@6404f418]" started-at="2022-11-12T15:40:57 IST" name="openApplication" finished-at="2022-11-12T15:41:00 IST" duration-ms="3121" status="PASS">
          <reporter-output>
          </reporter-output>
        </test-method> <!-- openApplication -->
        <test-method signature="verifyText()[pri:0, instance:POMWithTestNG.TestClass@6404f418]" started-at="2022-11-12T15:41:00 IST" name="verifyText" finished-at="2022-11-12T15:41:10 IST" duration-ms="9801" status="PASS">
          <reporter-output>
            <line>
              <![CDATA[Running Tc]]>
            </line>
          </reporter-output>
        </test-method> <!-- verifyText -->
      </class> <!-- POMWithTestNG.TestClass -->
    </test> <!-- Test -->
  </suite> <!-- Suite -->
</testng-results>
